<?xml version="1.0" encoding="UTF-8"?>
<!-- Generated by org.testng.reporters.JUnitXMLReporter -->
<testsuite ignored="0" hostname="MTVL1635b805f.local" failures="0" tests="3" name="Expense Tracker Validattion" time="1.479" errors="0" timestamp="26 Apr 2019 01:25:37 GMT">
  <testcase classname="com.samba.apitests.ApiTests" name="testInvalidKey" time="0.711"/>
  <testcase classname="com.samba.apitests.ApiTests" name="testNoKey" time="0.311"/>
  <testcase classname="com.samba.apitests.ApiTests" name="testPositive" time="0.435"/>
</testsuite> <!-- Expense Tracker Validattion -->
