<?xml version="1.0" encoding="UTF-8"?>
<!-- Generated by org.testng.reporters.JUnitXMLReporter -->
<testsuite ignored="0" hostname="MTVL1635b805f.local" failures="0" tests="3" name="Default test" time="10.032" errors="0" timestamp="26 Apr 2019 06:28:26 GMT">
  <testcase classname="com.samba.uitests.UITests" name="validate_Default_DropDown_entry" time="0.156"/>
  <testcase classname="com.samba.uitests.UITests" name="validate_link_page" time="0.88"/>
  <testcase classname="com.samba.uitests.UITests" name="validate_show_entires" time="0.156"/>
</testsuite> <!-- Default test -->
