<?xml version="1.0" encoding="UTF-8"?>
<!-- Generated by org.testng.reporters.JUnitXMLReporter -->
<testsuite ignored="0" hostname="MTVL1635b805f.local" failures="0" tests="6" name="NasaUIapi Validattion" time="10.184" errors="0" timestamp="26 Apr 2019 06:30:01 GMT">
  <testcase classname="com.samba.uitests.UITests" name="validate_Default_DropDown_entry" time="0.105"/>
  <testcase classname="com.samba.uitests.UITests" name="validate_link_page" time="0.891"/>
  <testcase classname="com.samba.uitests.UITests" name="validate_show_entires" time="0.157"/>
  <testcase classname="com.samba.apitests.ApiTests" name="testInvalidKey" time="0.46"/>
  <testcase classname="com.samba.apitests.ApiTests" name="testNoKey" time="0.36"/>
  <testcase classname="com.samba.apitests.ApiTests" name="testPositive" time="0.413"/>
</testsuite> <!-- NasaUIapi Validattion -->
