<?xml version="1.0" encoding="UTF-8"?>
<testng-results ignored="0" total="6" passed="6" failed="0" skipped="0">
  <reporter-output>
  </reporter-output>
  <suite started-at="2019-04-26T06:29:50Z" name="SambaapiUi TestSuite" finished-at="2019-04-26T06:30:01Z" duration-ms="10184">
    <groups>
    </groups>
    <test started-at="2019-04-26T06:29:50Z" name="NasaUIapi Validattion" finished-at="2019-04-26T06:30:01Z" duration-ms="10184">
      <class name="com.samba.uitests.UITests">
        <test-method is-config="true" signature="SetUp()[pri:0, instance:com.samba.uitests.UITests@6392827e]" started-at="2019-04-26T06:29:50Z" name="SetUp" finished-at="2019-04-26T06:29:53Z" duration-ms="2910" status="PASS">
          <reporter-output>
          </reporter-output>
        </test-method> <!-- SetUp -->
        <test-method signature="validate_Default_DropDown_entry()[pri:0, instance:com.samba.uitests.UITests@6392827e]" started-at="2019-04-26T06:29:53Z" name="validate_Default_DropDown_entry" finished-at="2019-04-26T06:29:53Z" duration-ms="105" status="PASS">
          <reporter-output>
          </reporter-output>
        </test-method> <!-- validate_Default_DropDown_entry -->
        <test-method is-config="true" signature="tearDown()[pri:0, instance:com.samba.uitests.UITests@6392827e]" started-at="2019-04-26T06:29:53Z" name="tearDown" finished-at="2019-04-26T06:29:54Z" duration-ms="99" status="PASS">
          <reporter-output>
          </reporter-output>
        </test-method> <!-- tearDown -->
        <test-method is-config="true" signature="SetUp()[pri:0, instance:com.samba.uitests.UITests@6392827e]" started-at="2019-04-26T06:29:54Z" name="SetUp" finished-at="2019-04-26T06:29:56Z" duration-ms="2166" status="PASS">
          <reporter-output>
          </reporter-output>
        </test-method> <!-- SetUp -->
        <test-method signature="validate_link_page()[pri:0, instance:com.samba.uitests.UITests@6392827e]" started-at="2019-04-26T06:29:56Z" name="validate_link_page" finished-at="2019-04-26T06:29:57Z" duration-ms="891" status="PASS">
          <reporter-output>
          </reporter-output>
        </test-method> <!-- validate_link_page -->
        <test-method is-config="true" signature="tearDown()[pri:0, instance:com.samba.uitests.UITests@6392827e]" started-at="2019-04-26T06:29:57Z" name="tearDown" finished-at="2019-04-26T06:29:57Z" duration-ms="114" status="PASS">
          <reporter-output>
          </reporter-output>
        </test-method> <!-- tearDown -->
        <test-method is-config="true" signature="SetUp()[pri:0, instance:com.samba.uitests.UITests@6392827e]" started-at="2019-04-26T06:29:57Z" name="SetUp" finished-at="2019-04-26T06:29:59Z" duration-ms="2369" status="PASS">
          <reporter-output>
          </reporter-output>
        </test-method> <!-- SetUp -->
        <test-method signature="validate_show_entires()[pri:0, instance:com.samba.uitests.UITests@6392827e]" started-at="2019-04-26T06:29:59Z" name="validate_show_entires" finished-at="2019-04-26T06:29:59Z" duration-ms="157" status="PASS">
          <reporter-output>
          </reporter-output>
        </test-method> <!-- validate_show_entires -->
        <test-method is-config="true" signature="tearDown()[pri:0, instance:com.samba.uitests.UITests@6392827e]" started-at="2019-04-26T06:29:59Z" name="tearDown" finished-at="2019-04-26T06:29:59Z" duration-ms="113" status="PASS">
          <reporter-output>
          </reporter-output>
        </test-method> <!-- tearDown -->
      </class> <!-- com.samba.uitests.UITests -->
      <class name="com.samba.apitests.ApiTests">
        <test-method signature="testInvalidKey()[pri:0, instance:com.samba.apitests.ApiTests@2ed2d9cb]" started-at="2019-04-26T06:29:59Z" name="testInvalidKey" finished-at="2019-04-26T06:30:00Z" duration-ms="460" status="PASS">
          <reporter-output>
          </reporter-output>
        </test-method> <!-- testInvalidKey -->
        <test-method signature="testNoKey()[pri:0, instance:com.samba.apitests.ApiTests@2ed2d9cb]" started-at="2019-04-26T06:30:00Z" name="testNoKey" finished-at="2019-04-26T06:30:00Z" duration-ms="360" status="PASS">
          <reporter-output>
          </reporter-output>
        </test-method> <!-- testNoKey -->
        <test-method signature="testPositive()[pri:0, instance:com.samba.apitests.ApiTests@2ed2d9cb]" started-at="2019-04-26T06:30:00Z" name="testPositive" finished-at="2019-04-26T06:30:01Z" duration-ms="413" status="PASS">
          <reporter-output>
          </reporter-output>
        </test-method> <!-- testPositive -->
      </class> <!-- com.samba.apitests.ApiTests -->
    </test> <!-- NasaUIapi Validattion -->
  </suite> <!-- SambaapiUi TestSuite -->
</testng-results>
